[debug] [2025-04-12T00:56:21.394Z] ----------------------------------------------------------------------
[debug] [2025-04-12T00:56:21.397Z] Command:       C:\Program Files\nodejs\node.exe C:\Users\ssena\AppData\Roaming\npm\node_modules\firebase-tools\lib\bin\firebase.js init
[debug] [2025-04-12T00:56:21.398Z] CLI Version:   14.1.0
[debug] [2025-04-12T00:56:21.398Z] Platform:      win32
[debug] [2025-04-12T00:56:21.398Z] Node Version:  v22.14.0
[debug] [2025-04-12T00:56:21.398Z] Time:          Sat Apr 12 2025 03:56:21 GMT+0300 (GMT+03:00)
[debug] [2025-04-12T00:56:21.399Z] ----------------------------------------------------------------------
[debug] 
[debug] [2025-04-12T00:56:21.406Z] > command requires scopes: ["email","openid","https://www.googleapis.com/auth/cloudplatformprojects.readonly","https://www.googleapis.com/auth/firebase","https://www.googleapis.com/auth/cloud-platform"]
[debug] [2025-04-12T00:56:21.406Z] > authorizing via signed-in user (ssenanurgumus@gmail.com)
[info] 
     ######## #### ########  ######## ########     ###     ######  ########
     ##        ##  ##     ## ##       ##     ##  ##   ##  ##       ##
     ######    ##  ########  ######   ########  #########  ######  ######
     ##        ##  ##    ##  ##       ##     ## ##     ##       ## ##
     ##       #### ##     ## ######## ########  ##     ##  ######  ########

You're about to initialize a Firebase project in this directory:

  C:\Users\ssena\smart-learning

[info] 
=== Project Setup
[info] 
[info] First, let's associate this project directory with a Firebase project.
[info] You can create multiple project aliases by running firebase use --add, 
[info] but for now we'll just set up a default project.
[info] 
[debug] [2025-04-12T00:57:01.682Z] Checked if tokens are valid: true, expires at: 1744422912509
[debug] [2025-04-12T00:57:01.683Z] Checked if tokens are valid: true, expires at: 1744422912509
[debug] [2025-04-12T00:57:01.688Z] >>> [apiv2][query] GET https://firebase.googleapis.com/v1beta1/projects pageSize=100
[debug] [2025-04-12T00:57:02.881Z] <<< [apiv2][status] GET https://firebase.googleapis.com/v1beta1/projects 200
[debug] [2025-04-12T00:57:02.881Z] <<< [apiv2][body] GET https://firebase.googleapis.com/v1beta1/projects [omitted]
[info] i  Using project smart-learning-platform-eb7e5 (Smart Learning Platform) 
[info] 
=== Dataconnect Setup
[debug] [2025-04-12T00:57:07.072Z] Checked if tokens are valid: true, expires at: 1744422912509
[debug] [2025-04-12T00:57:07.073Z] Checked if tokens are valid: true, expires at: 1744422912509
[debug] [2025-04-12T00:57:07.074Z] >>> [apiv2][query] GET https://cloudbilling.googleapis.com/v1/projects/smart-learning-platform-eb7e5/billingInfo [none]
[debug] [2025-04-12T00:57:08.591Z] <<< [apiv2][status] GET https://cloudbilling.googleapis.com/v1/projects/smart-learning-platform-eb7e5/billingInfo 200
[debug] [2025-04-12T00:57:08.592Z] <<< [apiv2][body] GET https://cloudbilling.googleapis.com/v1/projects/smart-learning-platform-eb7e5/billingInfo {"name":"projects/smart-learning-platform-eb7e5/billingInfo","projectId":"smart-learning-platform-eb7e5","billingAccountName":"","billingEnabled":false}
[info] i  dataconnect: ensuring required API sqladmin.googleapis.com is enabled... 
[debug] [2025-04-12T00:57:08.594Z] Checked if tokens are valid: true, expires at: 1744422912509
[debug] [2025-04-12T00:57:08.594Z] Checked if tokens are valid: true, expires at: 1744422912509
[debug] [2025-04-12T00:57:08.595Z] >>> [apiv2][query] GET https://serviceusage.googleapis.com/v1/projects/smart-learning-platform-eb7e5/services/sqladmin.googleapis.com [none]
[debug] [2025-04-12T00:57:08.595Z] >>> [apiv2][(partial)header] GET https://serviceusage.googleapis.com/v1/projects/smart-learning-platform-eb7e5/services/sqladmin.googleapis.com x-goog-quota-user=projects/smart-learning-platform-eb7e5
[debug] [2025-04-12T00:57:10.757Z] <<< [apiv2][status] GET https://serviceusage.googleapis.com/v1/projects/smart-learning-platform-eb7e5/services/sqladmin.googleapis.com 200
[debug] [2025-04-12T00:57:10.758Z] <<< [apiv2][body] GET https://serviceusage.googleapis.com/v1/projects/smart-learning-platform-eb7e5/services/sqladmin.googleapis.com [omitted]
[warn] !  dataconnect: missing required API sqladmin.googleapis.com. Enabling now... 
[debug] [2025-04-12T00:57:10.760Z] Checked if tokens are valid: true, expires at: 1744422912509
[debug] [2025-04-12T00:57:10.760Z] Checked if tokens are valid: true, expires at: 1744422912509
[debug] [2025-04-12T00:57:10.760Z] >>> [apiv2][query] POST https://serviceusage.googleapis.com/v1/projects/smart-learning-platform-eb7e5/services/sqladmin.googleapis.com:enable [none]
[debug] [2025-04-12T00:57:10.760Z] >>> [apiv2][(partial)header] POST https://serviceusage.googleapis.com/v1/projects/smart-learning-platform-eb7e5/services/sqladmin.googleapis.com:enable x-goog-quota-user=projects/smart-learning-platform-eb7e5
[debug] [2025-04-12T00:57:12.278Z] <<< [apiv2][status] POST https://serviceusage.googleapis.com/v1/projects/smart-learning-platform-eb7e5/services/sqladmin.googleapis.com:enable 200
[debug] [2025-04-12T00:57:12.279Z] <<< [apiv2][body] POST https://serviceusage.googleapis.com/v1/projects/smart-learning-platform-eb7e5/services/sqladmin.googleapis.com:enable [omitted]
[debug] [2025-04-12T00:57:22.286Z] Checked if tokens are valid: true, expires at: 1744422912509
[debug] [2025-04-12T00:57:22.287Z] Checked if tokens are valid: true, expires at: 1744422912509
[debug] [2025-04-12T00:57:22.288Z] >>> [apiv2][query] GET https://serviceusage.googleapis.com/v1/projects/smart-learning-platform-eb7e5/services/sqladmin.googleapis.com [none]
[debug] [2025-04-12T00:57:22.288Z] >>> [apiv2][(partial)header] GET https://serviceusage.googleapis.com/v1/projects/smart-learning-platform-eb7e5/services/sqladmin.googleapis.com x-goog-quota-user=projects/smart-learning-platform-eb7e5
[debug] [2025-04-12T00:57:23.505Z] <<< [apiv2][status] GET https://serviceusage.googleapis.com/v1/projects/smart-learning-platform-eb7e5/services/sqladmin.googleapis.com 200
[debug] [2025-04-12T00:57:23.505Z] <<< [apiv2][body] GET https://serviceusage.googleapis.com/v1/projects/smart-learning-platform-eb7e5/services/sqladmin.googleapis.com [omitted]
[info] +  dataconnect: required API sqladmin.googleapis.com is enabled 
[info] +  Wrote dataconnect\dataconnect.yaml 
[info] +  Wrote dataconnect\schema\schema.gql 
[info] +  Wrote dataconnect\connector\connector.yaml 
[info] +  Wrote dataconnect\connector\queries.gql 
[info] +  Wrote dataconnect\connector\mutations.gql 
[info] +  Detected WEB app in directory C:\Users\ssena\smart-learning 
[info] i  Detected react app. Enabling react generated SDKs. 
[info] i  Writing your new SDK configuration to C:\Users\ssena\smart-learning\dataconnect\connector/connector.yaml 
[info] i  Skipping write of dataconnect\connector\connector.yaml 
[info] i  dataconnect: downloading dataconnect-emulator-2.1.0.exe... {"metadata":{"emulator":{"name":"dataconnect"},"message":"downloading dataconnect-emulator-2.1.0.exe..."}}
[debug] [2025-04-12T00:57:38.356Z] >>> [apiv2][query] GET https://storage.googleapis.com/firemat-preview-drop/emulator/dataconnect-emulator-windows-v2.1.0 
[debug] [2025-04-12T00:57:38.916Z] <<< [apiv2][status] GET https://storage.googleapis.com/firemat-preview-drop/emulator/dataconnect-emulator-windows-v2.1.0 200
[debug] [2025-04-12T00:57:38.916Z] <<< [apiv2][body] GET https://storage.googleapis.com/firemat-preview-drop/emulator/dataconnect-emulator-windows-v2.1.0 [stream]
[debug] [2025-04-12T00:58:08.231Z] defaultcredentials: writing to file C:\Users\ssena\AppData\Roaming\firebase\ssenanurgumus_gmail_com_application_default_credentials.json
[debug] [2025-04-12T00:58:08.234Z] Setting GAC to C:\Users\ssena\AppData\Roaming\firebase\ssenanurgumus_gmail_com_application_default_credentials.json {"metadata":{"emulator":{"name":"dataconnect"},"message":"Setting GAC to C:\\Users\\ssena\\AppData\\Roaming\\firebase\\ssenanurgumus_gmail_com_application_default_credentials.json"}}
[info] I0412 03:58:08.589565   16004 generate.go:40] Generated all sources. Writing them to disk...

[info] i  Generated SDK code for default 
[info] i  Visit https://firebase.google.com/docs/data-connect/web-sdk#react for more information on how to set up React Generated SDKs for Firebase Data Connect 
[info] +  If you'd like to add more generated SDKs to your app your later, run firebase init dataconnect:sdk again 
[info] i  If you'd like to provision a CloudSQL Postgres instance on the Firebase Data Connect no-cost trial:
1. Please upgrade to the pay-as-you-go (Blaze) billing plan. Visit the following page:
     https://console.firebase.google.com/project/smart-learning-platform-eb7e5/usage/details
2. Run firebase init dataconnect again to configure the Cloud SQL instance.
3. Run firebase deploy --only dataconnect to deploy your Data Connect service. 
[info] 
=== Firestore Setup
[debug] [2025-04-12T00:58:08.931Z] Checked if tokens are valid: true, expires at: 1744422912509
[debug] [2025-04-12T00:58:08.932Z] Checked if tokens are valid: true, expires at: 1744422912509
[debug] [2025-04-12T00:58:08.932Z] >>> [apiv2][query] GET https://serviceusage.googleapis.com/v1/projects/smart-learning-platform-eb7e5/services/firestore.googleapis.com [none]
[debug] [2025-04-12T00:58:08.932Z] >>> [apiv2][(partial)header] GET https://serviceusage.googleapis.com/v1/projects/smart-learning-platform-eb7e5/services/firestore.googleapis.com x-goog-quota-user=projects/smart-learning-platform-eb7e5
[debug] [2025-04-12T00:58:10.190Z] <<< [apiv2][status] GET https://serviceusage.googleapis.com/v1/projects/smart-learning-platform-eb7e5/services/firestore.googleapis.com 200
[debug] [2025-04-12T00:58:10.190Z] <<< [apiv2][body] GET https://serviceusage.googleapis.com/v1/projects/smart-learning-platform-eb7e5/services/firestore.googleapis.com [omitted]
[debug] [2025-04-12T00:58:10.191Z] Checked if tokens are valid: true, expires at: 1744422912509
[debug] [2025-04-12T00:58:10.191Z] Checked if tokens are valid: true, expires at: 1744422912509
[debug] [2025-04-12T00:58:10.192Z] >>> [apiv2][query] GET https://firestore.googleapis.com/v1/projects/smart-learning-platform-eb7e5/databases/(default) [none]
[debug] [2025-04-12T00:58:11.659Z] <<< [apiv2][status] GET https://firestore.googleapis.com/v1/projects/smart-learning-platform-eb7e5/databases/(default) 200
[debug] [2025-04-12T00:58:11.659Z] <<< [apiv2][body] GET https://firestore.googleapis.com/v1/projects/smart-learning-platform-eb7e5/databases/(default) {"name":"projects/smart-learning-platform-eb7e5/databases/(default)","uid":"acad8ec7-b0fa-4bb2-9b4d-c6b908c67e11","createTime":"2025-04-02T11:13:25.089089Z","updateTime":"2025-04-02T11:13:25.089089Z","locationId":"nam5","type":"FIRESTORE_NATIVE","concurrencyMode":"PESSIMISTIC","versionRetentionPeriod":"3600s","earliestVersionTime":"2025-04-11T23:58:14.173403Z","appEngineIntegrationMode":"DISABLED","keyPrefix":"s","pointInTimeRecoveryEnablement":"POINT_IN_TIME_RECOVERY_DISABLED","deleteProtectionState":"DELETE_PROTECTION_DISABLED","databaseEdition":"STANDARD","freeTier":true,"etag":"IMOvqIKl0YwDMJrn84jyuYwD"}
[debug] [2025-04-12T00:58:11.659Z] database_type: FIRESTORE_NATIVE
[debug] [2025-04-12T00:58:11.659Z] database_type: FIRESTORE_NATIVE
[debug] [2025-04-12T00:58:11.660Z] > command requires scopes: ["email","openid","https://www.googleapis.com/auth/cloudplatformprojects.readonly","https://www.googleapis.com/auth/firebase","https://www.googleapis.com/auth/cloud-platform"]
[debug] [2025-04-12T00:58:11.661Z] > authorizing via signed-in user (ssenanurgumus@gmail.com)
[debug] [2025-04-12T00:58:11.661Z] [iam] checking project smart-learning-platform-eb7e5 for permissions ["firebase.projects.get"]
[debug] [2025-04-12T00:58:11.662Z] Checked if tokens are valid: true, expires at: 1744422912509
[debug] [2025-04-12T00:58:11.662Z] Checked if tokens are valid: true, expires at: 1744422912509
[debug] [2025-04-12T00:58:11.662Z] >>> [apiv2][query] POST https://cloudresourcemanager.googleapis.com/v1/projects/smart-learning-platform-eb7e5:testIamPermissions [none]
[debug] [2025-04-12T00:58:11.662Z] >>> [apiv2][(partial)header] POST https://cloudresourcemanager.googleapis.com/v1/projects/smart-learning-platform-eb7e5:testIamPermissions x-goog-quota-user=projects/smart-learning-platform-eb7e5
[debug] [2025-04-12T00:58:11.663Z] >>> [apiv2][body] POST https://cloudresourcemanager.googleapis.com/v1/projects/smart-learning-platform-eb7e5:testIamPermissions {"permissions":["firebase.projects.get"]}
[debug] [2025-04-12T00:58:12.733Z] <<< [apiv2][status] POST https://cloudresourcemanager.googleapis.com/v1/projects/smart-learning-platform-eb7e5:testIamPermissions 200
[debug] [2025-04-12T00:58:12.733Z] <<< [apiv2][body] POST https://cloudresourcemanager.googleapis.com/v1/projects/smart-learning-platform-eb7e5:testIamPermissions {"permissions":["firebase.projects.get"]}
[info] 
[info] Firestore Security Rules allow you to define how and when to allow
[info] requests. You can keep these rules in your project directory
[info] and publish them with firebase deploy.
[info] 
[debug] [2025-04-12T00:58:12.749Z] Checked if tokens are valid: true, expires at: 1744422912509
[debug] [2025-04-12T00:58:12.749Z] Checked if tokens are valid: true, expires at: 1744422912509
[debug] [2025-04-12T00:58:12.749Z] >>> [apiv2][query] GET https://firebaserules.googleapis.com/v1/projects/smart-learning-platform-eb7e5/releases pageSize=10&pageToken=
[debug] [2025-04-12T00:58:13.386Z] <<< [apiv2][status] GET https://firebaserules.googleapis.com/v1/projects/smart-learning-platform-eb7e5/releases 200
[debug] [2025-04-12T00:58:13.386Z] <<< [apiv2][body] GET https://firebaserules.googleapis.com/v1/projects/smart-learning-platform-eb7e5/releases {"releases":[{"name":"projects/smart-learning-platform-eb7e5/releases/cloud.firestore","rulesetName":"projects/smart-learning-platform-eb7e5/rulesets/13c41e14-fa4d-472f-86c3-e70a336b3577","createTime":"2025-04-02T11:13:31.443672Z","updateTime":"2025-04-02T11:13:31.443672Z"}]}
[debug] [2025-04-12T00:58:13.386Z] Found ruleset: projects/smart-learning-platform-eb7e5/rulesets/13c41e14-fa4d-472f-86c3-e70a336b3577
[debug] [2025-04-12T00:58:13.387Z] Checked if tokens are valid: true, expires at: 1744422912509
[debug] [2025-04-12T00:58:13.387Z] Checked if tokens are valid: true, expires at: 1744422912509
[debug] [2025-04-12T00:58:13.387Z] >>> [apiv2][query] GET https://firebaserules.googleapis.com/v1/projects/smart-learning-platform-eb7e5/rulesets/13c41e14-fa4d-472f-86c3-e70a336b3577 [none]
[debug] [2025-04-12T00:58:14.160Z] <<< [apiv2][status] GET https://firebaserules.googleapis.com/v1/projects/smart-learning-platform-eb7e5/rulesets/13c41e14-fa4d-472f-86c3-e70a336b3577 200
[debug] [2025-04-12T00:58:14.161Z] <<< [apiv2][body] GET https://firebaserules.googleapis.com/v1/projects/smart-learning-platform-eb7e5/rulesets/13c41e14-fa4d-472f-86c3-e70a336b3577 [omitted]
[info] 
[info] Firestore indexes allow you to perform complex queries while
[info] maintaining performance that scales with the size of the result
[info] set. You can keep index definitions in your project directory
[info] and publish them with firebase deploy.
[info] 
